<?xml version="1.0" encoding="UTF-8"?>
<!-- Generated by org.testng.reporters.JUnitXMLReporter -->
<testsuite ignored="0" hostname="AP-PUN-LP1097" failures="0" tests="4" name="Default test" time="42.054" errors="0" timestamp="28 Jan 2022 07:29:49 GMT">
  <testcase classname="com.tests.GoibiboTests" name="serachFlights" time="20.75"/>
  <testcase classname="com.tests.GoibiboTests" name="serachFlights" time="10.979"/>
  <testcase classname="com.tests.GoibiboTests" name="serachHotels" time="6.654"/>
  <testcase classname="com.tests.GoibiboTests" name="serachHotels" time="3.324"/>
</testsuite> <!-- Default test -->
