<?xml version="1.0" encoding="UTF-8"?>
<!-- Generated by org.testng.reporters.JUnitXMLReporter -->
<testsuite ignored="1" hostname="AP-PUN-LP1097" failures="0" tests="2" name="Test" time="28.217" errors="0" timestamp="28 Jan 2022 07:28:00 GMT">
  <testcase classname="com.tests.GoibiboTests" name="serachHotels" time="21.798"/>
  <testcase classname="com.tests.GoibiboTests" name="serachHotels" time="6.117"/>
  <testcase classname="com.tests.GoibiboTests" name="serachFlights" time="0.0">
    <ignored/>
  </testcase> <!-- serachFlights -->
</testsuite> <!-- Test -->
