<?xml version="1.0" encoding="UTF-8"?>
<!-- Generated by org.testng.reporters.JUnitXMLReporter -->
<testsuite ignored="1" hostname="AP-PUN-LP1097" failures="0" tests="2" name="Test" time="19.452" errors="0" timestamp="28 Jan 2022 07:31:35 GMT">
  <testcase classname="com.tests.GoibiboTests" name="serachHotels" time="15.323"/>
  <testcase classname="com.tests.GoibiboTests" name="serachHotels" time="3.887"/>
  <testcase classname="com.tests.GoibiboTests" name="serachFlights" time="0.0">
    <ignored/>
  </testcase> <!-- serachFlights -->
</testsuite> <!-- Test -->
