<?xml version="1.0" encoding="UTF-8"?>
<testng-results ignored="1" total="3" passed="2" failed="0" skipped="0">
  <reporter-output>
  </reporter-output>
  <suite started-at="2022-01-28T07:31:15Z" name="Suite" finished-at="2022-01-28T07:31:35Z" duration-ms="19452">
    <groups>
    </groups>
    <test started-at="2022-01-28T07:31:15Z" name="Test" finished-at="2022-01-28T07:31:35Z" duration-ms="19452">
      <class name="com.tests.GoibiboTests">
        <test-method is-config="true" signature="initializeBrowser()[pri:0, instance:com.tests.GoibiboTests@306e95ec]" started-at="2022-01-28T07:31:12Z" name="initializeBrowser" finished-at="2022-01-28T07:31:15Z" duration-ms="2965" status="PASS">
          <reporter-output>
          </reporter-output>
        </test-method> <!-- initializeBrowser -->
        <test-method signature="serachHotels(java.lang.String, java.lang.String, java.lang.String, java.lang.String)[pri:0, instance:com.tests.GoibiboTests@306e95ec]" started-at="2022-01-28T07:31:15Z" name="serachHotels" data-provider="hotelsDataProvider" finished-at="2022-01-28T07:31:31Z" duration-ms="15323" status="PASS">
          <params>
            <param index="0">
              <value>
                <![CDATA[Pune]]>
              </value>
            </param>
            <param index="1">
              <value>
                <![CDATA[6]]>
              </value>
            </param>
            <param index="2">
              <value>
                <![CDATA[7]]>
              </value>
            </param>
            <param index="3">
              <value>
                <![CDATA[March 2022]]>
              </value>
            </param>
          </params>
          <reporter-output>
          </reporter-output>
        </test-method> <!-- serachHotels -->
        <test-method signature="serachHotels(java.lang.String, java.lang.String, java.lang.String, java.lang.String)[pri:0, instance:com.tests.GoibiboTests@306e95ec]" started-at="2022-01-28T07:31:31Z" name="serachHotels" data-provider="hotelsDataProvider" finished-at="2022-01-28T07:31:35Z" duration-ms="3887" status="PASS">
          <params>
            <param index="0">
              <value>
                <![CDATA[Mumbai]]>
              </value>
            </param>
            <param index="1">
              <value>
                <![CDATA[9]]>
              </value>
            </param>
            <param index="2">
              <value>
                <![CDATA[10]]>
              </value>
            </param>
            <param index="3">
              <value>
                <![CDATA[April 2022]]>
              </value>
            </param>
          </params>
          <reporter-output>
          </reporter-output>
        </test-method> <!-- serachHotels -->
        <test-method is-config="true" signature="tearDown()[pri:0, instance:com.tests.GoibiboTests@306e95ec]" started-at="2022-01-28T07:31:35Z" name="tearDown" finished-at="2022-01-28T07:31:35Z" duration-ms="93" status="PASS">
          <reporter-output>
          </reporter-output>
        </test-method> <!-- tearDown -->
      </class> <!-- com.tests.GoibiboTests -->
    </test> <!-- Test -->
  </suite> <!-- Suite -->
</testng-results>
