<?xml version="1.0" encoding="UTF-8"?>
<testng-results ignored="0" total="4" passed="4" failed="0" skipped="0">
  <reporter-output>
  </reporter-output>
  <suite started-at="2022-01-28T07:29:07Z" name="Default suite" finished-at="2022-01-28T07:29:49Z" duration-ms="42054">
    <groups>
    </groups>
    <test started-at="2022-01-28T07:29:07Z" name="Default test" finished-at="2022-01-28T07:29:49Z" duration-ms="42054">
      <class name="com.tests.GoibiboTests">
        <test-method is-config="true" signature="initializeBrowser()[pri:0, instance:com.tests.GoibiboTests@290222c1]" started-at="2022-01-28T07:29:04Z" name="initializeBrowser" finished-at="2022-01-28T07:29:07Z" duration-ms="2901" status="PASS">
          <reporter-output>
          </reporter-output>
        </test-method> <!-- initializeBrowser -->
        <test-method signature="serachFlights(java.lang.String, java.lang.String)[pri:0, instance:com.tests.GoibiboTests@290222c1]" started-at="2022-01-28T07:29:07Z" name="serachFlights" data-provider="flightsDataProvider" finished-at="2022-01-28T07:29:28Z" duration-ms="20750" status="PASS">
          <params>
            <param index="0">
              <value>
                <![CDATA[Pune]]>
              </value>
            </param>
            <param index="1">
              <value>
                <![CDATA[Mumbai]]>
              </value>
            </param>
          </params>
          <reporter-output>
          </reporter-output>
        </test-method> <!-- serachFlights -->
        <test-method signature="serachFlights(java.lang.String, java.lang.String)[pri:0, instance:com.tests.GoibiboTests@290222c1]" started-at="2022-01-28T07:29:28Z" name="serachFlights" data-provider="flightsDataProvider" finished-at="2022-01-28T07:29:39Z" duration-ms="10979" status="PASS">
          <params>
            <param index="0">
              <value>
                <![CDATA[New York]]>
              </value>
            </param>
            <param index="1">
              <value>
                <![CDATA[Delhi]]>
              </value>
            </param>
          </params>
          <reporter-output>
          </reporter-output>
        </test-method> <!-- serachFlights -->
        <test-method signature="serachHotels(java.lang.String, java.lang.String, java.lang.String, java.lang.String)[pri:0, instance:com.tests.GoibiboTests@290222c1]" started-at="2022-01-28T07:29:39Z" name="serachHotels" data-provider="hotelsDataProvider" finished-at="2022-01-28T07:29:46Z" duration-ms="6654" status="PASS">
          <params>
            <param index="0">
              <value>
                <![CDATA[Pune]]>
              </value>
            </param>
            <param index="1">
              <value>
                <![CDATA[6]]>
              </value>
            </param>
            <param index="2">
              <value>
                <![CDATA[7]]>
              </value>
            </param>
            <param index="3">
              <value>
                <![CDATA[March 2022]]>
              </value>
            </param>
          </params>
          <reporter-output>
          </reporter-output>
        </test-method> <!-- serachHotels -->
        <test-method signature="serachHotels(java.lang.String, java.lang.String, java.lang.String, java.lang.String)[pri:0, instance:com.tests.GoibiboTests@290222c1]" started-at="2022-01-28T07:29:46Z" name="serachHotels" data-provider="hotelsDataProvider" finished-at="2022-01-28T07:29:49Z" duration-ms="3324" status="PASS">
          <params>
            <param index="0">
              <value>
                <![CDATA[Mumbai]]>
              </value>
            </param>
            <param index="1">
              <value>
                <![CDATA[9]]>
              </value>
            </param>
            <param index="2">
              <value>
                <![CDATA[10]]>
              </value>
            </param>
            <param index="3">
              <value>
                <![CDATA[April 2022]]>
              </value>
            </param>
          </params>
          <reporter-output>
          </reporter-output>
        </test-method> <!-- serachHotels -->
        <test-method is-config="true" signature="tearDown()[pri:0, instance:com.tests.GoibiboTests@290222c1]" started-at="2022-01-28T07:29:49Z" name="tearDown" finished-at="2022-01-28T07:29:49Z" duration-ms="96" status="PASS">
          <reporter-output>
          </reporter-output>
        </test-method> <!-- tearDown -->
      </class> <!-- com.tests.GoibiboTests -->
    </test> <!-- Default test -->
  </suite> <!-- Default suite -->
</testng-results>
